# Quality Gate Execution Log - Failed then Passed
# Demonstrates remediation workflow where first review finds issues, remediation fixes them, second review passes

========================================
Quality Gate: Starting PR Review Cycle
========================================

Branch: feature/nas-578-discord-client
Issue: NAS-578 (Auto-detected from branch)
Mode: Full PR cycle

[00:00] Step 1: Validate Prerequisites
  ✓ On feature branch: feature/nas-578-discord-client
  ✓ All changes committed (no uncommitted work)
  ✓ Branch pushed to origin
  ✓ Linear issue NAS-578 valid (Status: In Progress)

[00:01] Step 2: Local Pre-flight Review
  Running agent reviews on local diff...

  📊 Local Review Results

  🔴 CRITICAL (1 finding)
    1. [silent-failure-hunter] Empty catch block in discord-client.ts:89
       catch (e) { } // Suppresses connection errors

  🟠 HIGH (2 findings)
    2. [code-reviewer] Null reference in queue-processor.ts:45
       const queue = this.queues[channelId]; // No null check before use

    3. [pr-test-analyzer] No tests for queue retry logic
       Missing edge case tests for queue failures

  🟡 MEDIUM (2 findings)
    4. [code-simplifier] Nested conditionals in message-handler.ts:123
       Could flatten with early returns

    5. [comment-analyzer] Outdated comment in config.ts:34
       Comment says "temporary" but code is production

  ✅ Local Review Status: FAILED
     Must resolve 1 CRITICAL and 2 HIGH findings before PR creation

[00:02] Local Remediation - Pass 1

  Fixing critical and high priority issues...

  ✓ Fixed: Empty catch block (added error logging)
    discord-client.ts:89
    catch (e) {
      logger.error('Discord connection failed', { error: e, channelId });
      throw new ConnectionError('Failed to connect to Discord', { cause: e });
    }

  ✓ Fixed: Null reference (added validation)
    queue-processor.ts:45
    const queue = this.queues[channelId];
    if (!queue) {
      throw new QueueNotFoundError(`No queue for channel ${channelId}`);
    }

  ✓ Fixed: Added queue retry tests
    queue-processor.test.ts (new file)
    - Test: retries failed queue operations
    - Test: respects max retry limit
    - Test: logs retry attempts

  Commits:
    a1b2c3d Fix error handling in Discord client (silent-failure-hunter)
    d4e5f6g Add null check in queue processor (code-reviewer)
    g7h8i9j Add queue retry tests (pr-test-analyzer)

[00:05] Re-run Local Review

  📊 Local Review Results (Second Pass)

  🟡 MEDIUM (2 findings)
    1. [code-simplifier] Nested conditionals in message-handler.ts:123
    2. [comment-analyzer] Outdated comment in config.ts:34

  ✅ Local Review Status: PASSED
     No blocking issues. Ready for PR creation.
     (Medium issues can be addressed in PR review)

[00:06] Step 3: Create & Publish PR

  Creating PR with Linear issue reference...

  ✓ PR Created: https://github.com/user/repo/pull/89
    Title: Add Discord client with queue processing
    Base: master
    Head: feature/nas-578-discord-client
    Commits: 5 (including 3 remediation commits)

[00:06] Step 4: Wait for External Tools

  ⏳ Waiting 60 seconds for external PR review tools...

  External tools monitoring:
  - Devin.ai: Analyzing...
  - CodeRabbit: Analyzing...

[00:07] External Tool Comments Received

  [Devin.ai] 2 comments posted:
    1. "⚠️ message-handler.ts:123 - Consider extracting nested logic into separate function"
    2. "💡 Consider adding retry backoff strategy in queue-processor.ts"

  [CodeRabbit] 1 comment posted:
    1. "✅ Good error handling! The ConnectionError wrapping is clear."

[00:07] Step 5: Run Full Agent Review (on Published PR)

  Running pr-review-toolkit agents on PR #89...

  Agent: code-reviewer
    ✓ Code style follows project conventions
    ✓ Error handling is appropriate
    ✓ No security issues detected

  Agent: silent-failure-hunter
    ✓ No silent failures detected (errors properly logged/thrown)

  Agent: code-simplifier
    ⚠️ message-handler.ts:123 - Nested conditionals (same as Devin finding)

  Agent: comment-analyzer
    ⚠️ config.ts:34 - Comment says "temporary" but code is production

  Agent: pr-test-analyzer
    ✓ Good test coverage for queue retry logic
    ⚠️ Missing test for connection timeout scenario

  Agent: type-design-analyzer
    ✓ Type design is sound, good encapsulation

[00:10] Step 6: Consolidate All Findings

  📊 Consolidated Review Findings

  External Tools (3 findings):
    1. [Devin.ai] Nested logic extraction (message-handler.ts:123)
    2. [Devin.ai] Add retry backoff strategy
    3. [CodeRabbit] Positive: Good error handling ✓

  Agent Reviews (3 findings):
    4. [code-simplifier] Nested conditionals (message-handler.ts:123) [DUPLICATE]
    5. [comment-analyzer] Outdated comment (config.ts:34)
    6. [pr-test-analyzer] Missing timeout test

  Unique Findings: 4
  - Nested logic (message-handler.ts:123) [External + Agent]
  - Retry backoff strategy [External]
  - Outdated comment (config.ts:34) [Agent]
  - Missing timeout test [Agent]

[00:11] Step 7: Second Remediation

  Addressing consolidated findings...

  ✓ Fixed: Extracted nested logic
    message-handler.ts:123
    - Created validateMessage() helper
    - Created processCommand() helper
    - Flattened main handler logic

  ✓ Fixed: Added retry backoff strategy
    queue-processor.ts
    - Exponential backoff: 1s, 2s, 4s, 8s
    - Max 5 retries
    - Jitter to prevent thundering herd

  ✓ Fixed: Updated outdated comment
    config.ts:34
    - Removed "temporary" note
    - Added production usage context

  ✓ Fixed: Added timeout test
    queue-processor.test.ts
    - Test: handles connection timeout gracefully
    - Test: logs timeout events

  Commits:
    j1k2l3m Refactor message handler to extract nested logic (Devin + agent)
    n4o5p6q Add exponential backoff to queue retry (Devin)
    r7s8t9u Update production config comments (agent)
    v1w2x3y Add connection timeout tests (agent)

[00:15] Push Remediation Commits

  git push origin feature/nas-578-discord-client

  ✓ Pushed 4 remediation commits
  ✓ PR #89 updated with fixes

[00:15] Step 8: Final Validation

  Running final checks...

  ✓ All external tool findings addressed
  ✓ All agent findings addressed
  ✓ Tests passing (14 tests, all green)
  ✓ No merge conflicts with master
  ✓ Branch up to date

[00:16] Step 9: Merge Decision

  ✅ Quality gate passed!

  All findings addressed:
  - External tools: 2 findings resolved
  - Agent reviews: 4 findings resolved
  - Tests: Passing (14/14)
  - Conflicts: None

  Options:
  1. Merge now (squash and merge) [RECOMMENDED]
  2. Merge with rebase
  3. Request manual review first
  4. Exit (I'll merge manually)

[00:16] User Selection: Option 1 (Squash and merge)

[00:17] Step 10: Merge and Update Linear

  Merging PR #89...

  ✓ PR merged and squashed
    Commit: Add Discord client with queue processing (PR #89)
    SHA: abc123def456

  ✓ Branch deleted: feature/nas-578-discord-client

  ✓ Linear issue NAS-578 updated to Done
  ✓ Added comment to NAS-578: "Merged in PR #89"

  ✓ Local cleanup:
    - Switched to master
    - Pulled latest
    - Deleted local branch

========================================
Quality Gate Complete: SUCCESS
========================================

Summary:
- Started with 1 CRITICAL and 2 HIGH issues (local pre-flight)
- Fixed critical issues before PR creation
- External tools found 2 additional improvements
- Agents found 3 additional issues (1 duplicate)
- All findings remediated in 2 passes
- Merged cleanly with squash

Timeline:
- Local review: 00:00 - 00:05 (5 minutes)
- PR creation: 00:06
- External tools: 00:06 - 00:07 (60 seconds)
- Agent reviews: 00:07 - 00:10 (3 minutes)
- Remediation: 00:11 - 00:15 (4 minutes)
- Merge: 00:17

Total: 17 minutes from start to merged

Issue: NAS-578 → Done ✓
